<?xml version="1.0" encoding="UTF-8"?>
<coverage generated="1590332101448" clover="3.2.0">
  <project timestamp="1590332101448" name="All files">
    <metrics statements="11" coveredstatements="11" conditionals="0" coveredconditionals="0" methods="1" coveredmethods="1" elements="12" coveredelements="12" complexity="0" loc="11" ncloc="11" packages="1" files="1" classes="1"/>
    <file name="array-shift.js" path="/mnt/c/Users/STD/codefellows/401/data-structures-and-algorithms/challenges/arrayShift/array-shift.js">
      <metrics statements="11" coveredstatements="11" conditionals="0" coveredconditionals="0" methods="1" coveredmethods="1"/>
      <line num="8" count="4" type="stmt"/>
      <line num="9" count="4" type="stmt"/>
      <line num="10" count="4" type="stmt"/>
      <line num="11" count="4" type="stmt"/>
      <line num="12" count="10" type="stmt"/>
      <line num="14" count="4" type="stmt"/>
      <line num="15" count="8" type="stmt"/>
      <line num="17" count="4" type="stmt"/>
      <line num="21" count="1" type="stmt"/>
      <line num="22" count="1" type="stmt"/>
      <line num="24" count="1" type="stmt"/>
    </file>
  </project>
</coverage>
