{"/mnt/c/Users/STD/codefellows/401/data-structures-and-algorithms/challenges/Data-Structures/linkedList/linked-list.js": {"path":"/mnt/c/Users/STD/codefellows/401/data-structures-and-algorithms/challenges/Data-Structures/linkedList/linked-list.js","statementMap":{"0":{"start":{"line":5,"column":4},"end":{"line":5,"column":22}},"1":{"start":{"line":6,"column":4},"end":{"line":6,"column":21}},"2":{"start":{"line":14,"column":4},"end":{"line":14,"column":21}},"3":{"start":{"line":19,"column":18},"end":{"line":19,"column":33}},"4":{"start":{"line":21,"column":4},"end":{"line":24,"column":5}},"5":{"start":{"line":22,"column":6},"end":{"line":22,"column":26}},"6":{"start":{"line":23,"column":6},"end":{"line":23,"column":18}},"7":{"start":{"line":25,"column":18},"end":{"line":25,"column":27}},"8":{"start":{"line":26,"column":4},"end":{"line":28,"column":5}},"9":{"start":{"line":27,"column":6},"end":{"line":27,"column":29}},"10":{"start":{"line":30,"column":4},"end":{"line":30,"column":27}},"11":{"start":{"line":31,"column":4},"end":{"line":31,"column":16}},"12":{"start":{"line":35,"column":18},"end":{"line":35,"column":27}},"13":{"start":{"line":36,"column":4},"end":{"line":41,"column":5}},"14":{"start":{"line":37,"column":6},"end":{"line":39,"column":7}},"15":{"start":{"line":38,"column":8},"end":{"line":38,"column":20}},"16":{"start":{"line":40,"column":6},"end":{"line":40,"column":29}},"17":{"start":{"line":42,"column":4},"end":{"line":42,"column":17}},"18":{"start":{"line":47,"column":18},"end":{"line":47,"column":27}},"19":{"start":{"line":48,"column":14},"end":{"line":48,"column":36}},"20":{"start":{"line":49,"column":4},"end":{"line":53,"column":5}},"21":{"start":{"line":50,"column":6},"end":{"line":50,"column":29}},"22":{"start":{"line":51,"column":6},"end":{"line":51,"column":40}},"23":{"start":{"line":54,"column":4},"end":{"line":54,"column":29}},"24":{"start":{"line":58,"column":23},"end":{"line":58,"column":38}},"25":{"start":{"line":60,"column":4},"end":{"line":63,"column":5}},"26":{"start":{"line":61,"column":6},"end":{"line":61,"column":31}},"27":{"start":{"line":62,"column":6},"end":{"line":62,"column":18}},"28":{"start":{"line":64,"column":18},"end":{"line":64,"column":27}},"29":{"start":{"line":65,"column":4},"end":{"line":67,"column":5}},"30":{"start":{"line":66,"column":6},"end":{"line":66,"column":29}},"31":{"start":{"line":68,"column":4},"end":{"line":68,"column":32}},"32":{"start":{"line":69,"column":4},"end":{"line":69,"column":16}},"33":{"start":{"line":72,"column":19},"end":{"line":72,"column":24}},"34":{"start":{"line":73,"column":18},"end":{"line":73,"column":27}},"35":{"start":{"line":74,"column":4},"end":{"line":92,"column":5}},"36":{"start":{"line":75,"column":31},"end":{"line":75,"column":47}},"37":{"start":{"line":76,"column":6},"end":{"line":76,"column":42}},"38":{"start":{"line":77,"column":6},"end":{"line":77,"column":37}},"39":{"start":{"line":80,"column":6},"end":{"line":90,"column":7}},"40":{"start":{"line":81,"column":8},"end":{"line":88,"column":9}},"41":{"start":{"line":82,"column":35},"end":{"line":82,"column":51}},"42":{"start":{"line":83,"column":10},"end":{"line":83,"column":49}},"43":{"start":{"line":84,"column":10},"end":{"line":84,"column":44}},"44":{"start":{"line":85,"column":10},"end":{"line":85,"column":26}},"45":{"start":{"line":87,"column":10},"end":{"line":87,"column":33}},"46":{"start":{"line":91,"column":6},"end":{"line":91,"column":18}},"47":{"start":{"line":97,"column":19},"end":{"line":97,"column":24}},"48":{"start":{"line":98,"column":18},"end":{"line":98,"column":27}},"49":{"start":{"line":100,"column":4},"end":{"line":114,"column":5}},"50":{"start":{"line":101,"column":6},"end":{"line":101,"column":26}},"51":{"start":{"line":103,"column":6},"end":{"line":112,"column":7}},"52":{"start":{"line":104,"column":8},"end":{"line":111,"column":9}},"53":{"start":{"line":105,"column":34},"end":{"line":105,"column":50}},"54":{"start":{"line":106,"column":10},"end":{"line":106,"column":48}},"55":{"start":{"line":107,"column":10},"end":{"line":107,"column":43}},"56":{"start":{"line":108,"column":10},"end":{"line":108,"column":26}},"57":{"start":{"line":110,"column":10},"end":{"line":110,"column":33}},"58":{"start":{"line":115,"column":4},"end":{"line":115,"column":16}},"59":{"start":{"line":131,"column":0},"end":{"line":131,"column":51}}},"fnMap":{"0":{"name":"(anonymous_0)","decl":{"start":{"line":4,"column":2},"end":{"line":4,"column":3}},"loc":{"start":{"line":4,"column":20},"end":{"line":8,"column":3}},"line":4},"1":{"name":"(anonymous_1)","decl":{"start":{"line":13,"column":2},"end":{"line":13,"column":3}},"loc":{"start":{"line":13,"column":16},"end":{"line":16,"column":3}},"line":13},"2":{"name":"(anonymous_2)","decl":{"start":{"line":18,"column":2},"end":{"line":18,"column":3}},"loc":{"start":{"line":18,"column":19},"end":{"line":33,"column":3}},"line":18},"3":{"name":"(anonymous_3)","decl":{"start":{"line":34,"column":2},"end":{"line":34,"column":3}},"loc":{"start":{"line":34,"column":18},"end":{"line":43,"column":3}},"line":34},"4":{"name":"(anonymous_4)","decl":{"start":{"line":45,"column":2},"end":{"line":45,"column":3}},"loc":{"start":{"line":45,"column":12},"end":{"line":55,"column":3}},"line":45},"5":{"name":"(anonymous_5)","decl":{"start":{"line":57,"column":2},"end":{"line":57,"column":3}},"loc":{"start":{"line":57,"column":15},"end":{"line":70,"column":3}},"line":57},"6":{"name":"(anonymous_6)","decl":{"start":{"line":71,"column":2},"end":{"line":71,"column":3}},"loc":{"start":{"line":71,"column":29},"end":{"line":93,"column":3}},"line":71},"7":{"name":"(anonymous_7)","decl":{"start":{"line":95,"column":2},"end":{"line":95,"column":3}},"loc":{"start":{"line":95,"column":28},"end":{"line":117,"column":3}},"line":95}},"branchMap":{"0":{"loc":{"start":{"line":18,"column":9},"end":{"line":18,"column":17}},"type":"default-arg","locations":[{"start":{"line":18,"column":15},"end":{"line":18,"column":17}}],"line":18},"1":{"loc":{"start":{"line":21,"column":4},"end":{"line":24,"column":5}},"type":"if","locations":[{"start":{"line":21,"column":4},"end":{"line":24,"column":5}},{"start":{"line":21,"column":4},"end":{"line":24,"column":5}}],"line":21},"2":{"loc":{"start":{"line":37,"column":6},"end":{"line":39,"column":7}},"type":"if","locations":[{"start":{"line":37,"column":6},"end":{"line":39,"column":7}},{"start":{"line":37,"column":6},"end":{"line":39,"column":7}}],"line":37},"3":{"loc":{"start":{"line":60,"column":4},"end":{"line":63,"column":5}},"type":"if","locations":[{"start":{"line":60,"column":4},"end":{"line":63,"column":5}},{"start":{"line":60,"column":4},"end":{"line":63,"column":5}}],"line":60},"4":{"loc":{"start":{"line":74,"column":4},"end":{"line":92,"column":5}},"type":"if","locations":[{"start":{"line":74,"column":4},"end":{"line":92,"column":5}},{"start":{"line":74,"column":4},"end":{"line":92,"column":5}}],"line":74},"5":{"loc":{"start":{"line":80,"column":12},"end":{"line":80,"column":44}},"type":"binary-expr","locations":[{"start":{"line":80,"column":12},"end":{"line":80,"column":31}},{"start":{"line":80,"column":35},"end":{"line":80,"column":44}}],"line":80},"6":{"loc":{"start":{"line":81,"column":8},"end":{"line":88,"column":9}},"type":"if","locations":[{"start":{"line":81,"column":8},"end":{"line":88,"column":9}},{"start":{"line":81,"column":8},"end":{"line":88,"column":9}}],"line":81},"7":{"loc":{"start":{"line":100,"column":4},"end":{"line":114,"column":5}},"type":"if","locations":[{"start":{"line":100,"column":4},"end":{"line":114,"column":5}},{"start":{"line":100,"column":4},"end":{"line":114,"column":5}}],"line":100},"8":{"loc":{"start":{"line":103,"column":12},"end":{"line":103,"column":33}},"type":"binary-expr","locations":[{"start":{"line":103,"column":12},"end":{"line":103,"column":19}},{"start":{"line":103,"column":23},"end":{"line":103,"column":33}}],"line":103},"9":{"loc":{"start":{"line":104,"column":8},"end":{"line":111,"column":9}},"type":"if","locations":[{"start":{"line":104,"column":8},"end":{"line":111,"column":9}},{"start":{"line":104,"column":8},"end":{"line":111,"column":9}}],"line":104}},"s":{"0":7,"1":7,"2":1,"3":2,"4":2,"5":1,"6":1,"7":1,"8":1,"9":0,"10":1,"11":1,"12":1,"13":1,"14":2,"15":0,"16":2,"17":1,"18":1,"19":1,"20":1,"21":1,"22":1,"23":1,"24":2,"25":2,"26":0,"27":0,"28":2,"29":2,"30":3,"31":2,"32":2,"33":2,"34":2,"35":2,"36":1,"37":1,"38":1,"39":1,"40":3,"41":1,"42":1,"43":1,"44":1,"45":2,"46":1,"47":2,"48":2,"49":2,"50":0,"51":2,"52":10,"53":1,"54":1,"55":1,"56":1,"57":9,"58":2,"59":1},"f":{"0":7,"1":1,"2":2,"3":1,"4":1,"5":2,"6":2,"7":2},"b":{"0":[0],"1":[1,1],"2":[0,2],"3":[0,2],"4":[1,1],"5":[4,4],"6":[1,2],"7":[0,2],"8":[12,11],"9":[1,9]},"_coverageSchema":"1a1c01bbd47fc00a2c39e90264f33305004495a9","hash":"a633bdeaae218567797697683270b4e0d3237aee"}
}
