TN:
SF:linked-list.js
FN:3,(anonymous_0)
FN:12,(anonymous_1)
FN:17,(anonymous_2)
FN:33,(anonymous_3)
FN:44,(anonymous_4)
FNF:5
FNH:5
FNDA:2,(anonymous_0)
FNDA:1,(anonymous_1)
FNDA:2,(anonymous_2)
FNDA:1,(anonymous_3)
FNDA:1,(anonymous_4)
DA:4,2
DA:5,2
DA:13,1
DA:18,2
DA:20,2
DA:21,1
DA:22,1
DA:24,1
DA:25,1
DA:26,0
DA:29,1
DA:30,1
DA:34,1
DA:35,1
DA:36,2
DA:37,0
DA:39,2
DA:41,1
DA:46,1
DA:47,1
DA:48,1
DA:49,1
DA:50,1
DA:53,1
DA:57,1
LF:25
LH:23
BRDA:17,0,0,0
BRDA:20,1,0,1
BRDA:20,1,1,1
BRDA:36,2,0,0
BRDA:36,2,1,2
BRF:5
BRH:3
end_of_record
