TN:
SF:linked-list.js
FN:4,(anonymous_0)
FN:13,(anonymous_1)
FN:18,(anonymous_2)
FN:34,(anonymous_3)
FN:45,(anonymous_4)
FN:57,(anonymous_5)
FN:71,(anonymous_6)
FN:95,(anonymous_7)
FNF:8
FNH:8
FNDA:7,(anonymous_0)
FNDA:1,(anonymous_1)
FNDA:2,(anonymous_2)
FNDA:1,(anonymous_3)
FNDA:1,(anonymous_4)
FNDA:2,(anonymous_5)
FNDA:2,(anonymous_6)
FNDA:2,(anonymous_7)
DA:5,7
DA:6,7
DA:14,1
DA:19,2
DA:21,2
DA:22,1
DA:23,1
DA:25,1
DA:26,1
DA:27,0
DA:30,1
DA:31,1
DA:35,1
DA:36,1
DA:37,2
DA:38,0
DA:40,2
DA:42,1
DA:47,1
DA:48,1
DA:49,1
DA:50,1
DA:51,1
DA:54,1
DA:58,2
DA:60,2
DA:61,0
DA:62,0
DA:64,2
DA:65,2
DA:66,3
DA:68,2
DA:69,2
DA:72,2
DA:73,2
DA:74,2
DA:75,1
DA:76,1
DA:77,1
DA:80,1
DA:81,3
DA:82,1
DA:83,1
DA:84,1
DA:85,1
DA:87,2
DA:91,1
DA:97,2
DA:98,2
DA:100,2
DA:101,0
DA:103,2
DA:104,10
DA:105,1
DA:106,1
DA:107,1
DA:108,1
DA:110,9
DA:115,2
DA:131,1
LF:60
LH:55
BRDA:18,0,0,0
BRDA:21,1,0,1
BRDA:21,1,1,1
BRDA:37,2,0,0
BRDA:37,2,1,2
BRDA:60,3,0,0
BRDA:60,3,1,2
BRDA:74,4,0,1
BRDA:74,4,1,1
BRDA:80,5,0,4
BRDA:80,5,1,4
BRDA:81,6,0,1
BRDA:81,6,1,2
BRDA:100,7,0,0
BRDA:100,7,1,2
BRDA:103,8,0,12
BRDA:103,8,1,11
BRDA:104,9,0,1
BRDA:104,9,1,9
BRF:19
BRH:15
end_of_record
