{"/mnt/c/Users/STD/codefellows/401/data-structures-and-algorithms/challenges/arrayBinarySearch/array-binary-search.js": {"path":"/mnt/c/Users/STD/codefellows/401/data-structures-and-algorithms/challenges/arrayBinarySearch/array-binary-search.js","statementMap":{"0":{"start":{"line":4,"column":4},"end":{"line":8,"column":5}},"1":{"start":{"line":4,"column":18},"end":{"line":4,"column":19}},"2":{"start":{"line":5,"column":8},"end":{"line":7,"column":9}},"3":{"start":{"line":6,"column":12},"end":{"line":6,"column":24}},"4":{"start":{"line":9,"column":2},"end":{"line":9,"column":13}},"5":{"start":{"line":12,"column":0},"end":{"line":12,"column":49}},"6":{"start":{"line":13,"column":0},"end":{"line":13,"column":54}},"7":{"start":{"line":15,"column":1},"end":{"line":15,"column":31}}},"fnMap":{"0":{"name":"binarySearch","decl":{"start":{"line":3,"column":9},"end":{"line":3,"column":21}},"loc":{"start":{"line":3,"column":46},"end":{"line":10,"column":1}},"line":3}},"branchMap":{"0":{"loc":{"start":{"line":5,"column":8},"end":{"line":7,"column":9}},"type":"if","locations":[{"start":{"line":5,"column":8},"end":{"line":7,"column":9}},{"start":{"line":5,"column":8},"end":{"line":7,"column":9}}],"line":5}},"s":{"0":4,"1":4,"2":20,"3":2,"4":2,"5":1,"6":1,"7":1},"f":{"0":4},"b":{"0":[2,18]},"_coverageSchema":"1a1c01bbd47fc00a2c39e90264f33305004495a9","hash":"363d00e241a535e6eaf78fe469068e2d50aaaab9"}
}
