{"/mnt/c/Users/STD/codefellows/401/data-structures-and-algorithms/challenges/Insertion-Sort/insertion-Sort.js": {"path":"/mnt/c/Users/STD/codefellows/401/data-structures-and-algorithms/challenges/Insertion-Sort/insertion-Sort.js","statementMap":{"0":{"start":{"line":5,"column":2},"end":{"line":14,"column":3}},"1":{"start":{"line":5,"column":12},"end":{"line":5,"column":13}},"2":{"start":{"line":6,"column":12},"end":{"line":6,"column":15}},"3":{"start":{"line":7,"column":15},"end":{"line":7,"column":21}},"4":{"start":{"line":9,"column":4},"end":{"line":12,"column":5}},"5":{"start":{"line":10,"column":6},"end":{"line":10,"column":24}},"6":{"start":{"line":11,"column":6},"end":{"line":11,"column":14}},"7":{"start":{"line":13,"column":4},"end":{"line":13,"column":20}},"8":{"start":{"line":15,"column":2},"end":{"line":15,"column":14}},"9":{"start":{"line":18,"column":0},"end":{"line":18,"column":43}}},"fnMap":{"0":{"name":"InsertionSort","decl":{"start":{"line":4,"column":9},"end":{"line":4,"column":22}},"loc":{"start":{"line":4,"column":27},"end":{"line":16,"column":1}},"line":4}},"branchMap":{"0":{"loc":{"start":{"line":9,"column":11},"end":{"line":9,"column":34}},"type":"binary-expr","locations":[{"start":{"line":9,"column":11},"end":{"line":9,"column":17}},{"start":{"line":9,"column":21},"end":{"line":9,"column":34}}],"line":9}},"s":{"0":3,"1":3,"2":18,"3":18,"4":18,"5":22,"6":22,"7":18,"8":3,"9":1},"f":{"0":3},"b":{"0":[40,32]},"_coverageSchema":"1a1c01bbd47fc00a2c39e90264f33305004495a9","hash":"78cb5c6273da1f544e8bf5612625ab0961617506"}
}
